Release 14.4 - ngc2edif P.49d (nt64)
Copyright (c) 1995-2012 Xilinx, Inc.  All rights reserved.
Reading design Interface.ngc ...
WARNING:NetListWriters:298 - No output is written to Interface.xncf, ignored.
Processing design ...
   Preping design's networks ...
   Preping design's macros ...
WARNING:NetListWriters:306 - Signal bus U3/Mcompar_count_reset_cmp_le0000_lut<4
   : 0> on block Interface is not reconstructed, because there are some missing
   bus signals.
WARNING:NetListWriters:306 - Signal bus U3/Mcompar_count_reset_cmp_lt0000_lut<9
   : 0> on block Interface is not reconstructed, because there are some missing
   bus signals.
WARNING:NetListWriters:306 - Signal bus
   U4/Mcompar_PRESENT_STATE_cmp_lt0001_lut<5 : 1> on block Interface is not
   reconstructed, because there are some missing bus signals.
  finished :Prep
Writing EDIF netlist file Interface.edif ...
ngc2edif: Total memory usage is 78880 kilobytes

Release 14.4 - ngc2edif P.49d (nt64)
Copyright (c) 1995-2012 Xilinx, Inc.  All rights reserved.
Reading design ROM.ngc ...
WARNING:NetListWriters:298 - No output is written to ROM.xncf, ignored.
Processing design ...
   Preping design's networks ...
   Preping design's macros ...
  finished :Prep
Writing EDIF netlist file ROM.edif ...
ngc2edif: Total memory usage is 78496 kilobytes

Release 14.4 - ngc2edif P.49d (nt64)
Copyright (c) 1995-2012 Xilinx, Inc.  All rights reserved.
Reading design Interface.ngc ...
WARNING:NetListWriters:298 - No output is written to Interface.xncf, ignored.
Processing design ...
   Preping design's networks ...
   Preping design's macros ...
WARNING:NetListWriters:306 - Signal bus U1/Mcompar_count_cmp_ge0000_lut<8 : 0>
   on block Interface is not reconstructed, because there are some missing bus
   signals.
WARNING:NetListWriters:306 - Signal bus U3/PRESENT_STATE<3 : 0> on block
   Interface is not reconstructed, because there are some missing bus signals.
WARNING:NetListWriters:306 - Signal bus U3/PRESENT_STATE_mux0001<3 : 0> on block
   Interface is not reconstructed, because there are some missing bus signals.
WARNING:NetListWriters:306 - Signal bus
   U4/Mcompar_PRESENT_STATE_cmp_lt0001_lut<5 : 1> on block Interface is not
   reconstructed, because there are some missing bus signals.
  finished :Prep
Writing EDIF netlist file Interface.edif ...
ngc2edif: Total memory usage is 79520 kilobytes

Release 14.4 - ngc2edif P.49d (nt64)
Copyright (c) 1995-2012 Xilinx, Inc.  All rights reserved.
Reading design ROM.ngc ...
WARNING:NetListWriters:298 - No output is written to ROM.xncf, ignored.
Processing design ...
   Preping design's networks ...
   Preping design's macros ...
  finished :Prep
Writing EDIF netlist file ROM.edif ...
ngc2edif: Total memory usage is 78816 kilobytes

Release 14.4 - ngc2edif P.49d (nt64)
Copyright (c) 1995-2012 Xilinx, Inc.  All rights reserved.
Reading design Interface.ngc ...
WARNING:NetListWriters:298 - No output is written to Interface.xncf, ignored.
Processing design ...
   Preping design's networks ...
   Preping design's macros ...
WARNING:NetListWriters:306 - Signal bus U1/Mcompar_count_cmp_ge0000_lut<8 : 0>
   on block Interface is not reconstructed, because there are some missing bus
   signals.
WARNING:NetListWriters:306 - Signal bus U3/PRESENT_STATE<3 : 0> on block
   Interface is not reconstructed, because there are some missing bus signals.
WARNING:NetListWriters:306 - Signal bus U3/PRESENT_STATE_mux0001<3 : 0> on block
   Interface is not reconstructed, because there are some missing bus signals.
WARNING:NetListWriters:306 - Signal bus
   U4/Mcompar_PRESENT_STATE_cmp_lt0001_lut<5 : 1> on block Interface is not
   reconstructed, because there are some missing bus signals.
  finished :Prep
Writing EDIF netlist file Interface.edif ...
ngc2edif: Total memory usage is 79584 kilobytes

Release 14.4 - ngc2edif P.49d (nt64)
Copyright (c) 1995-2012 Xilinx, Inc.  All rights reserved.
Reading design ROM.ngc ...
WARNING:NetListWriters:298 - No output is written to ROM.xncf, ignored.
Processing design ...
   Preping design's networks ...
   Preping design's macros ...
  finished :Prep
Writing EDIF netlist file ROM.edif ...
ngc2edif: Total memory usage is 78432 kilobytes

